Build started 5/30/2014 1:05:31 PM.
     1>Project "C:\Users\Thomas\Documents\GitHub\EpiHalvedMinigolf\Minigolf\Minigolf.vcxproj" on node 2 (Build target(s)).
     1>ClCompile:
         C:\Program Files (x86)\Microsoft Visual Studio 12.0\VC\bin\CL.exe /c /I"C:\OpenGL\glew-1.10.0\include" /IC:\OpenGL\glm /IC:\OpenGL\freeglut\include /ZI /nologo /W3 /WX- /sdl /Od /Oy- /D WIN32 /D _DEBUG /D _CONSOLE /D _LIB /D _CRT_SECURE_NO_DEPRECATE /D _UNICODE /D UNICODE /Gm /EHsc /RTC1 /MDd /GS /fp:precise /Zc:wchar_t /Zc:forScope /Fo"Debug\\" /Fd"Debug\vc120.pdb" /Gd /TP /analyze- /errorReport:prompt Physics.cpp main.cpp
         main.cpp
     1>c:\users\thomas\documents\github\epihalvedminigolf\minigolf\map.hpp(44): warning C4018: '<' : signed/unsigned mismatch
     1>c:\users\thomas\documents\github\epihalvedminigolf\minigolf\map.hpp(55): warning C4018: '<' : signed/unsigned mismatch
     1>c:\users\thomas\documents\github\epihalvedminigolf\minigolf\map.hpp(65): warning C4018: '<' : signed/unsigned mismatch
     1>c:\users\thomas\documents\github\epihalvedminigolf\minigolf\map.hpp(75): warning C4244: '=' : conversion from 'float' to 'int', possible loss of data
     1>c:\users\thomas\documents\github\epihalvedminigolf\minigolf\map.hpp(77): warning C4018: '<' : signed/unsigned mismatch
     1>c:\users\thomas\documents\github\epihalvedminigolf\minigolf\map.hpp(79): warning C4244: '=' : conversion from 'float' to 'int', possible loss of data
     1>c:\users\thomas\documents\github\epihalvedminigolf\minigolf\map.hpp(80): warning C4244: '=' : conversion from 'float' to 'int', possible loss of data
     1>c:\users\thomas\documents\github\epihalvedminigolf\minigolf\map.hpp(81): warning C4244: '=' : conversion from 'float' to 'int', possible loss of data
     1>c:\users\thomas\documents\github\epihalvedminigolf\minigolf\map.hpp(90): warning C4056: overflow in floating-point constant arithmetic
     1>c:\users\thomas\documents\github\epihalvedminigolf\minigolf\map.hpp(90): warning C4244: '=' : conversion from 'float' to 'int', possible loss of data
     1>c:\users\thomas\documents\github\epihalvedminigolf\minigolf\map.hpp(92): warning C4018: '<' : signed/unsigned mismatch
     1>c:\users\thomas\documents\github\epihalvedminigolf\minigolf\map.hpp(94): warning C4244: '=' : conversion from 'float' to 'int', possible loss of data
     1>c:\users\thomas\documents\github\epihalvedminigolf\minigolf\map.hpp(95): warning C4244: '=' : conversion from 'float' to 'int', possible loss of data
     1>c:\users\thomas\documents\github\epihalvedminigolf\minigolf\map.hpp(96): warning C4244: '=' : conversion from 'float' to 'int', possible loss of data
     1>c:\users\thomas\documents\github\epihalvedminigolf\minigolf\map.hpp(127): warning C4018: '<' : signed/unsigned mismatch
     1>c:\users\thomas\documents\github\epihalvedminigolf\minigolf\map.hpp(137): warning C4018: '<' : signed/unsigned mismatch
     1>c:\users\thomas\documents\github\epihalvedminigolf\minigolf\map.hpp(211): warning C4018: '<' : signed/unsigned mismatch
     1>c:\users\thomas\documents\github\epihalvedminigolf\minigolf\physicsobject.hpp(5): warning C4305: 'initializing' : truncation from 'double' to 'const float'
     1>c:\users\thomas\documents\github\epihalvedminigolf\minigolf\main.cpp(62): warning C4244: '=' : conversion from 'int' to 'float', possible loss of data
     1>c:\users\thomas\documents\github\epihalvedminigolf\minigolf\main.cpp(368): warning C4305: '=' : truncation from 'double' to 'float'
     1>c:\users\thomas\documents\github\epihalvedminigolf\minigolf\main.cpp(440): warning C4244: '=' : conversion from 'double' to 'float', possible loss of data
     1>c:\users\thomas\documents\github\epihalvedminigolf\minigolf\main.cpp(441): warning C4244: '=' : conversion from 'double' to 'float', possible loss of data
         GLM: perspective function taking degrees as a parameter is deprecated. #define GLM_FORCE_RADIANS before including GLM headers to remove this message.
         GLM: rotate function taking degrees as a parameter is deprecated. #define GLM_FORCE_RADIANS before including GLM headers to remove this message.
         Physics.cpp
     1>c:\users\thomas\documents\github\epihalvedminigolf\minigolf\map.hpp(44): warning C4018: '<' : signed/unsigned mismatch
     1>c:\users\thomas\documents\github\epihalvedminigolf\minigolf\map.hpp(55): warning C4018: '<' : signed/unsigned mismatch
     1>c:\users\thomas\documents\github\epihalvedminigolf\minigolf\map.hpp(65): warning C4018: '<' : signed/unsigned mismatch
     1>c:\users\thomas\documents\github\epihalvedminigolf\minigolf\map.hpp(75): warning C4244: '=' : conversion from 'float' to 'int', possible loss of data
     1>c:\users\thomas\documents\github\epihalvedminigolf\minigolf\map.hpp(77): warning C4018: '<' : signed/unsigned mismatch
     1>c:\users\thomas\documents\github\epihalvedminigolf\minigolf\map.hpp(79): warning C4244: '=' : conversion from 'float' to 'int', possible loss of data
     1>c:\users\thomas\documents\github\epihalvedminigolf\minigolf\map.hpp(80): warning C4244: '=' : conversion from 'float' to 'int', possible loss of data
     1>c:\users\thomas\documents\github\epihalvedminigolf\minigolf\map.hpp(81): warning C4244: '=' : conversion from 'float' to 'int', possible loss of data
     1>c:\users\thomas\documents\github\epihalvedminigolf\minigolf\map.hpp(90): warning C4056: overflow in floating-point constant arithmetic
     1>c:\users\thomas\documents\github\epihalvedminigolf\minigolf\map.hpp(90): warning C4244: '=' : conversion from 'float' to 'int', possible loss of data
     1>c:\users\thomas\documents\github\epihalvedminigolf\minigolf\map.hpp(92): warning C4018: '<' : signed/unsigned mismatch
     1>c:\users\thomas\documents\github\epihalvedminigolf\minigolf\map.hpp(94): warning C4244: '=' : conversion from 'float' to 'int', possible loss of data
     1>c:\users\thomas\documents\github\epihalvedminigolf\minigolf\map.hpp(95): warning C4244: '=' : conversion from 'float' to 'int', possible loss of data
     1>c:\users\thomas\documents\github\epihalvedminigolf\minigolf\map.hpp(96): warning C4244: '=' : conversion from 'float' to 'int', possible loss of data
     1>c:\users\thomas\documents\github\epihalvedminigolf\minigolf\map.hpp(127): warning C4018: '<' : signed/unsigned mismatch
     1>c:\users\thomas\documents\github\epihalvedminigolf\minigolf\map.hpp(137): warning C4018: '<' : signed/unsigned mismatch
     1>c:\users\thomas\documents\github\epihalvedminigolf\minigolf\map.hpp(211): warning C4018: '<' : signed/unsigned mismatch
     1>c:\users\thomas\documents\github\epihalvedminigolf\minigolf\physicsobject.hpp(5): warning C4305: 'initializing' : truncation from 'double' to 'const float'
     1>c:\users\thomas\documents\github\epihalvedminigolf\minigolf\physics.cpp(5): warning C4244: 'initializing' : conversion from 'double' to 'float', possible loss of data
     1>c:\users\thomas\documents\github\epihalvedminigolf\minigolf\physics.cpp(20): warning C4305: 'initializing' : truncation from 'double' to 'float'
     1>c:\users\thomas\documents\github\epihalvedminigolf\minigolf\physics.cpp(51): warning C4018: '<' : signed/unsigned mismatch
     1>c:\users\thomas\documents\github\epihalvedminigolf\minigolf\physics.cpp(53): warning C4244: '=' : conversion from 'int' to 'float', possible loss of data
     1>c:\users\thomas\documents\github\epihalvedminigolf\minigolf\physics.cpp(57): warning C4244: 'argument' : conversion from 'float' to 'unsigned int', possible loss of data
     1>c:\users\thomas\documents\github\epihalvedminigolf\minigolf\physics.cpp(57): warning C4018: '<' : signed/unsigned mismatch
     1>c:\users\thomas\documents\github\epihalvedminigolf\minigolf\physics.cpp(59): warning C4244: 'argument' : conversion from 'float' to 'unsigned int', possible loss of data
     1>c:\users\thomas\documents\github\epihalvedminigolf\minigolf\physics.cpp(62): warning C4244: 'argument' : conversion from 'float' to 'unsigned int', possible loss of data
     1>c:\users\thomas\documents\github\epihalvedminigolf\minigolf\physics.cpp(64): warning C4244: 'argument' : conversion from 'float' to 'unsigned int', possible loss of data
     1>c:\users\thomas\documents\github\epihalvedminigolf\minigolf\physics.cpp(69): warning C4244: 'argument' : conversion from 'float' to 'unsigned int', possible loss of data
     1>c:\users\thomas\documents\github\epihalvedminigolf\minigolf\physics.cpp(73): warning C4244: '=' : conversion from 'double' to 'float', possible loss of data
     1>c:\users\thomas\documents\github\epihalvedminigolf\minigolf\physics.cpp(81): warning C4244: 'return' : conversion from 'float' to 'int', possible loss of data
     1>c:\users\thomas\documents\github\epihalvedminigolf\minigolf\physics.cpp(100): warning C4018: '<' : signed/unsigned mismatch
         Generating Code...
       Link:
         C:\Program Files (x86)\Microsoft Visual Studio 12.0\VC\bin\link.exe /ERRORREPORT:PROMPT /OUT:"C:\Users\Thomas\Documents\GitHub\EpiHalvedMinigolf\Debug\Minigolf.exe" /INCREMENTAL /NOLOGO /LIBPATH:"C:\OpenGL\glew-1.10.0\lib\Release\Win32" /LIBPATH:C:\OpenGL\freeglut\lib glew32.lib kernel32.lib user32.lib gdi32.lib winspool.lib comdlg32.lib advapi32.lib shell32.lib ole32.lib oleaut32.lib uuid.lib odbc32.lib odbccp32.lib /MANIFEST /MANIFESTUAC:"level='asInvoker' uiAccess='false'" /manifest:embed /DEBUG /PDB:"C:\Users\Thomas\Documents\GitHub\EpiHalvedMinigolf\Debug\Minigolf.pdb" /SUBSYSTEM:CONSOLE /TLBID:1 /DYNAMICBASE /NXCOMPAT /IMPLIB:"C:\Users\Thomas\Documents\GitHub\EpiHalvedMinigolf\Debug\Minigolf.lib" /MACHINE:X86 Debug\InitShader.obj
         Debug\LoadShader.obj
         Debug\main.obj
         Debug\Map.obj
         Debug\MapReader.obj
         Debug\Physics.obj
         Minigolf.vcxproj -> C:\Users\Thomas\Documents\GitHub\EpiHalvedMinigolf\Debug\Minigolf.exe
     1>Done Building Project "C:\Users\Thomas\Documents\GitHub\EpiHalvedMinigolf\Minigolf\Minigolf.vcxproj" (Build target(s)).

Build succeeded.

Time Elapsed 00:00:04.70
